  d3dApp.cpp
  d3dUtil.cpp
..\..\Common\d3dUtil.cpp(21): warning C4267: '초기화 중' : 'size_t'에서 'UINT'(으)로 변환하면서 데이터가 손실될 수 있습니다.
  MainApplication.cpp
c:\users\pc\desktop\examplecods\directx\mainapplication\init direct3d\d3dx11Effect.h(14): fatal error C1083: 포함 파일을 열 수 없습니다. 'd3d11shader.h': No such file or directory
  Camera.cpp
c:\users\pc\desktop\examplecods\directx\mainapplication\init direct3d\d3dx11Effect.h(14): fatal error C1083: 포함 파일을 열 수 없습니다. 'd3d11shader.h': No such file or directory
  Effects.cpp
c:\users\pc\desktop\examplecods\directx\mainapplication\init direct3d\d3dx11Effect.h(14): fatal error C1083: 포함 파일을 열 수 없습니다. 'd3d11shader.h': No such file or directory
  GeometryGenerator.cpp
c:\users\pc\desktop\examplecods\directx\mainapplication\init direct3d\d3dx11Effect.h(14): fatal error C1083: 포함 파일을 열 수 없습니다. 'd3d11shader.h': No such file or directory
  LightHelper.cpp
  MathHelper.cpp
  RenderStates.cpp
c:\users\pc\desktop\examplecods\directx\mainapplication\init direct3d\d3dx11Effect.h(14): fatal error C1083: 포함 파일을 열 수 없습니다. 'd3d11shader.h': No such file or directory
  TextureMgr.cpp
c:\users\pc\desktop\examplecods\directx\mainapplication\init direct3d\d3dx11Effect.h(14): fatal error C1083: 포함 파일을 열 수 없습니다. 'd3d11shader.h': No such file or directory
  Vertex.cpp
c:\users\pc\desktop\examplecods\directx\mainapplication\init direct3d\d3dx11Effect.h(14): fatal error C1083: 포함 파일을 열 수 없습니다. 'd3d11shader.h': No such file or directory
  Waves.cpp
